

Started GET "/" for ::1 at 2015-05-19 18:29:47 +0900
Processing by Rails::WelcomeController#index as HTML
  Rendered /Users/hamadayushi/.rvm/gems/ruby-2.2.2/gems/railties-4.2.1/lib/rails/templates/rails/welcome/index.html.erb (1.7ms)
Completed 200 OK in 18ms (Views: 8.9ms | ActiveRecord: 0.0ms)


Started GET "/" for ::1 at 2015-05-19 18:30:00 +0900
Processing by Rails::WelcomeController#index as HTML
  Rendered /Users/hamadayushi/.rvm/gems/ruby-2.2.2/gems/railties-4.2.1/lib/rails/templates/rails/welcome/index.html.erb (0.1ms)
Completed 200 OK in 3ms (Views: 2.6ms | ActiveRecord: 0.0ms)
Mysql2::Error: Table 'taskapp_development.projects' doesn't exist: SHOW FULL FIELDS FROM `projects`
Mysql2::Error: Table 'taskapp_development.projects' doesn't exist: SHOW FULL FIELDS FROM `projects`
Mysql2::Error: Table 'taskapp_development.projects' doesn't exist: SHOW FULL FIELDS FROM `projects`
  [1m[36mActiveRecord::SchemaMigration Load (0.2ms)[0m  [1mSELECT `schema_migrations`.* FROM `schema_migrations`[0m
Migrating to CreateProjects (20150519095907)
  [1m[35m (9.3ms)[0m  CREATE TABLE `projects` (`id` int(11) auto_increment PRIMARY KEY, `title` varchar(255), `created_at` datetime NOT NULL, `updated_at` datetime NOT NULL) ENGINE=InnoDB
  [1m[36m (0.1ms)[0m  [1mBEGIN[0m
  [1m[35mSQL (0.2ms)[0m  INSERT INTO `schema_migrations` (`version`) VALUES ('20150519095907')
  [1m[36m (0.3ms)[0m  [1mCOMMIT[0m
  [1m[35mActiveRecord::SchemaMigration Load (0.2ms)[0m  SELECT `schema_migrations`.* FROM `schema_migrations`
  [1m[36m (0.3ms)[0m  [1mSELECT fk.referenced_table_name as 'to_table'
      ,fk.referenced_column_name as 'primary_key'
      ,fk.column_name as 'column'
      ,fk.constraint_name as 'name'
FROM information_schema.key_column_usage fk
WHERE fk.referenced_column_name is not null
  AND fk.table_schema = 'taskapp_development'
  AND fk.table_name = 'projects'
[0m
  [1m[35m (0.1ms)[0m  SHOW CREATE TABLE `projects`
  [1m[36m (0.2ms)[0m  [1mBEGIN[0m
  [1m[35mSQL (0.3ms)[0m  INSERT INTO `projects` (`title`, `created_at`, `updated_at`) VALUES ('p1', '2015-05-19 10:14:14', '2015-05-19 10:14:14')
  [1m[36m (0.8ms)[0m  [1mCOMMIT[0m
  [1m[35m (0.2ms)[0m  BEGIN
  [1m[36mSQL (0.4ms)[0m  [1mINSERT INTO `projects` (`title`, `created_at`, `updated_at`) VALUES ('p2', '2015-05-19 10:14:41', '2015-05-19 10:14:41')[0m
  [1m[35m (0.9ms)[0m  COMMIT
  [1m[36mProject Load (0.3ms)[0m  [1mSELECT `projects`.* FROM `projects`[0m


Started GET "/" for ::1 at 2015-05-19 19:34:23 +0900
  [1m[36mActiveRecord::SchemaMigration Load (0.1ms)[0m  [1mSELECT `schema_migrations`.* FROM `schema_migrations`[0m
Processing by ProjectsController#index as HTML
  [1m[35mProject Load (0.2ms)[0m  SELECT `projects`.* FROM `projects`
  Rendered projects/index.html.erb within layouts/application (5.4ms)
Completed 200 OK in 1390ms (Views: 1386.5ms | ActiveRecord: 1.7ms)


Started GET "/assets/application.self-e80e8f2318043e8af94dddc2adad5a4f09739a8ebb323b3ab31cd71d45fd9113.css?body=1" for ::1 at 2015-05-19 19:34:24 +0900


Started GET "/assets/jquery_ujs.self-8e98a7a072a6cee1372d19fff9ff3e6aa1e39a37d89d6f06861637d061113ee7.js?body=1" for ::1 at 2015-05-19 19:34:24 +0900


Started GET "/assets/projects.self-e3b0c44298fc1c149afbf4c8996fb92427ae41e4649b934ca495991b7852b855.css?body=1" for ::1 at 2015-05-19 19:34:24 +0900


Started GET "/assets/application.self-3b8dabdc891efe46b9a144b400ad69e37d7e5876bdc39dee783419a69d7ca819.js?body=1" for ::1 at 2015-05-19 19:34:24 +0900


Started GET "/assets/projects.self-877aef30ae1b040ab8a3aba4e3e309a11d7f2612f44dde450b5c157aa5f95c05.js?body=1" for ::1 at 2015-05-19 19:34:25 +0900


Started GET "/assets/turbolinks.self-c37727e9bd6b2735da5c311aa83fead54ed0be6cc8bd9a65309e9c5abe2cbfff.js?body=1" for ::1 at 2015-05-19 19:34:25 +0900


Started GET "/assets/jquery.self-d03a5518f45df77341bdbe6201ba3bfa547ebba8ed64f0ea56bfa5f96ea7c074.js?body=1" for ::1 at 2015-05-19 19:34:25 +0900


Started GET "/" for ::1 at 2015-05-19 19:37:38 +0900
Processing by ProjectsController#index as HTML
  [1m[36mProject Load (0.2ms)[0m  [1mSELECT `projects`.* FROM `projects`[0m
  Rendered projects/index.html.erb within layouts/application (11.0ms)
Completed 500 Internal Server Error in 14ms (ActiveRecord: 0.2ms)

ActionView::Template::Error (undefined method `id' for #<Project::ActiveRecord_Relation:0x007f8e35a15d40>):
    2: <ul>
    3:   <% @projects.each do |project| %>
    4:     <table>
    5:       <tr><td><%=@projects.id%></td></tr>
    6:       <tr><td><%=@projects.title%></td></tr>
    7:     </table>
    8:   <% end %>
  app/views/projects/index.html.erb:5:in `block in _app_views_projects_index_html_erb___4055529157299743290_70124369529780'
  app/views/projects/index.html.erb:3:in `_app_views_projects_index_html_erb___4055529157299743290_70124369529780'


  Rendered /Users/hamadayushi/.rvm/gems/ruby-2.2.2/gems/actionpack-4.2.1/lib/action_dispatch/middleware/templates/rescues/_source.erb (9.9ms)
  Rendered /Users/hamadayushi/.rvm/gems/ruby-2.2.2/gems/actionpack-4.2.1/lib/action_dispatch/middleware/templates/rescues/_trace.html.erb (4.8ms)
  Rendered /Users/hamadayushi/.rvm/gems/ruby-2.2.2/gems/actionpack-4.2.1/lib/action_dispatch/middleware/templates/rescues/_request_and_response.html.erb (1.9ms)
  Rendered /Users/hamadayushi/.rvm/gems/ruby-2.2.2/gems/actionpack-4.2.1/lib/action_dispatch/middleware/templates/rescues/template_error.html.erb within rescues/layout (64.7ms)
  Rendered /Users/hamadayushi/.rvm/gems/ruby-2.2.2/gems/web-console-2.1.2/lib/web_console/templates/_markup.html.erb (0.5ms)
  Rendered /Users/hamadayushi/.rvm/gems/ruby-2.2.2/gems/web-console-2.1.2/lib/web_console/templates/style.css.erb within layouts/inlined_string (0.3ms)
  Rendered /Users/hamadayushi/.rvm/gems/ruby-2.2.2/gems/web-console-2.1.2/lib/web_console/templates/_inner_console_markup.html.erb within layouts/inlined_string (0.3ms)
  Rendered /Users/hamadayushi/.rvm/gems/ruby-2.2.2/gems/web-console-2.1.2/lib/web_console/templates/_prompt_box_markup.html.erb within layouts/inlined_string (0.5ms)
  Rendered /Users/hamadayushi/.rvm/gems/ruby-2.2.2/gems/web-console-2.1.2/lib/web_console/templates/console.js.erb within layouts/javascript (53.9ms)
  Rendered /Users/hamadayushi/.rvm/gems/ruby-2.2.2/gems/web-console-2.1.2/lib/web_console/templates/main.js.erb within layouts/javascript (0.5ms)
  Rendered /Users/hamadayushi/.rvm/gems/ruby-2.2.2/gems/web-console-2.1.2/lib/web_console/templates/error_page.js.erb within layouts/javascript (0.6ms)
  Rendered /Users/hamadayushi/.rvm/gems/ruby-2.2.2/gems/web-console-2.1.2/lib/web_console/templates/index.html.erb (121.8ms)


Started GET "/" for ::1 at 2015-05-19 19:38:03 +0900
Processing by ProjectsController#index as HTML
  [1m[35mProject Load (0.2ms)[0m  SELECT `projects`.* FROM `projects`
  Rendered projects/index.html.erb within layouts/application (2.0ms)
Completed 200 OK in 33ms (Views: 32.7ms | ActiveRecord: 0.2ms)


Started GET "/assets/projects.self-e3b0c44298fc1c149afbf4c8996fb92427ae41e4649b934ca495991b7852b855.css?body=1" for ::1 at 2015-05-19 19:38:03 +0900


Started GET "/assets/application.self-e80e8f2318043e8af94dddc2adad5a4f09739a8ebb323b3ab31cd71d45fd9113.css?body=1" for ::1 at 2015-05-19 19:38:03 +0900


Started GET "/assets/turbolinks.self-c37727e9bd6b2735da5c311aa83fead54ed0be6cc8bd9a65309e9c5abe2cbfff.js?body=1" for ::1 at 2015-05-19 19:38:03 +0900


Started GET "/assets/projects.self-877aef30ae1b040ab8a3aba4e3e309a11d7f2612f44dde450b5c157aa5f95c05.js?body=1" for ::1 at 2015-05-19 19:38:03 +0900


Started GET "/assets/jquery_ujs.self-8e98a7a072a6cee1372d19fff9ff3e6aa1e39a37d89d6f06861637d061113ee7.js?body=1" for ::1 at 2015-05-19 19:38:03 +0900


Started GET "/assets/jquery.self-d03a5518f45df77341bdbe6201ba3bfa547ebba8ed64f0ea56bfa5f96ea7c074.js?body=1" for ::1 at 2015-05-19 19:38:03 +0900


Started GET "/assets/application.self-3b8dabdc891efe46b9a144b400ad69e37d7e5876bdc39dee783419a69d7ca819.js?body=1" for ::1 at 2015-05-19 19:38:03 +0900


Started GET "/" for ::1 at 2015-05-19 19:39:26 +0900
Processing by ProjectsController#index as HTML
  [1m[36mProject Load (0.3ms)[0m  [1mSELECT `projects`.* FROM `projects`[0m
  Rendered projects/index.html.erb within layouts/application (1.5ms)
Completed 200 OK in 35ms (Views: 34.3ms | ActiveRecord: 0.3ms)


Started GET "/assets/jquery.self-d03a5518f45df77341bdbe6201ba3bfa547ebba8ed64f0ea56bfa5f96ea7c074.js?body=1" for ::1 at 2015-05-19 19:39:26 +0900


Started GET "/assets/turbolinks.self-c37727e9bd6b2735da5c311aa83fead54ed0be6cc8bd9a65309e9c5abe2cbfff.js?body=1" for ::1 at 2015-05-19 19:39:26 +0900


Started GET "/assets/application.self-e80e8f2318043e8af94dddc2adad5a4f09739a8ebb323b3ab31cd71d45fd9113.css?body=1" for ::1 at 2015-05-19 19:39:26 +0900


Started GET "/assets/jquery_ujs.self-8e98a7a072a6cee1372d19fff9ff3e6aa1e39a37d89d6f06861637d061113ee7.js?body=1" for ::1 at 2015-05-19 19:39:26 +0900


Started GET "/assets/projects.self-877aef30ae1b040ab8a3aba4e3e309a11d7f2612f44dde450b5c157aa5f95c05.js?body=1" for ::1 at 2015-05-19 19:39:26 +0900


Started GET "/assets/projects.self-e3b0c44298fc1c149afbf4c8996fb92427ae41e4649b934ca495991b7852b855.css?body=1" for ::1 at 2015-05-19 19:39:26 +0900


Started GET "/assets/application.self-3b8dabdc891efe46b9a144b400ad69e37d7e5876bdc39dee783419a69d7ca819.js?body=1" for ::1 at 2015-05-19 19:39:26 +0900


Started GET "/" for ::1 at 2015-05-19 19:39:27 +0900
Processing by ProjectsController#index as HTML
  [1m[35mProject Load (0.2ms)[0m  SELECT `projects`.* FROM `projects`
  Rendered projects/index.html.erb within layouts/application (0.8ms)
Completed 200 OK in 29ms (Views: 27.8ms | ActiveRecord: 0.2ms)


Started GET "/assets/projects.self-e3b0c44298fc1c149afbf4c8996fb92427ae41e4649b934ca495991b7852b855.css?body=1" for ::1 at 2015-05-19 19:39:27 +0900


Started GET "/assets/application.self-e80e8f2318043e8af94dddc2adad5a4f09739a8ebb323b3ab31cd71d45fd9113.css?body=1" for ::1 at 2015-05-19 19:39:27 +0900


Started GET "/assets/turbolinks.self-c37727e9bd6b2735da5c311aa83fead54ed0be6cc8bd9a65309e9c5abe2cbfff.js?body=1" for ::1 at 2015-05-19 19:39:27 +0900


Started GET "/assets/jquery_ujs.self-8e98a7a072a6cee1372d19fff9ff3e6aa1e39a37d89d6f06861637d061113ee7.js?body=1" for ::1 at 2015-05-19 19:39:27 +0900


Started GET "/assets/jquery.self-d03a5518f45df77341bdbe6201ba3bfa547ebba8ed64f0ea56bfa5f96ea7c074.js?body=1" for ::1 at 2015-05-19 19:39:27 +0900


Started GET "/assets/projects.self-877aef30ae1b040ab8a3aba4e3e309a11d7f2612f44dde450b5c157aa5f95c05.js?body=1" for ::1 at 2015-05-19 19:39:27 +0900


Started GET "/assets/application.self-3b8dabdc891efe46b9a144b400ad69e37d7e5876bdc39dee783419a69d7ca819.js?body=1" for ::1 at 2015-05-19 19:39:27 +0900
